<?xml version="1.0" encoding="UTF-8"?>
<!-- Generated by org.testng.reporters.JUnitXMLReporter -->
<testsuite hostname="LP-PF2YT3M4" ignored="0" name="Functional testing" tests="3" failures="0" timestamp="13 Aug 2021 05:37:32 GMT" time="0.016" errors="0">
  <testcase name="Sample4" time="0.003" classname="com.example.Functional"/>
  <testcase name="Sample5" time="0.001" classname="com.example.Functional"/>
  <testcase name="Sample6" time="0.002" classname="com.example.Functional"/>
</testsuite> <!-- Functional testing -->
