<?xml version="1.0" encoding="UTF-8"?>
<!-- Generated by org.testng.reporters.JUnitXMLReporter -->
<testsuite hostname="LP-PF2YT3M4" ignored="0" name="Smoke testing" tests="6" failures="0" timestamp="13 Aug 2021 05:38:39 GMT" time="0.052" errors="0">
  <testcase name="Sample1" time="0.006" classname="com.example.Smoke"/>
  <testcase name="Sample2" time="0.002" classname="com.example.Smoke"/>
  <testcase name="Sample3" time="0.002" classname="com.example.Smoke"/>
  <testcase name="Sample4" time="0.002" classname="com.example.Functional"/>
  <testcase name="Sample5" time="0.002" classname="com.example.Functional"/>
  <testcase name="Sample6" time="0.002" classname="com.example.Functional"/>
</testsuite> <!-- Smoke testing -->
